e:\fcis\projects\fb-managment-system\fb managment sytem\debug\myform.obj
e:\fcis\projects\fb-managment-system\fb managment sytem\debug\vc110.pdb
e:\fcis\projects\fb-managment-system\fb managment sytem\debug\.netframework,version=v4.5.assemblyattributes.obj
e:\fcis\projects\fb-managment-system\fb managment sytem\debug\signup.obj
e:\fcis\projects\fb-managment-system\fb managment sytem\debug\login.obj
e:\fcis\projects\fb-managment-system\fb managment sytem\debug\mainapp.obj
e:\fcis\projects\fb-managment-system\fb managment sytem\debug\search.obj
e:\fcis\projects\fb-managment-system\fb managment sytem\debug\profile.obj
e:\fcis\projects\fb-managment-system\fb managment sytem\debug\messenger.obj
e:\fcis\projects\fb-managment-system - copy\fb managment sytem\debug\signup.obj
e:\fcis\projects\fb-managment-system - copy\fb managment sytem\debug\search.obj
e:\fcis\projects\fb-managment-system - copy\fb managment sytem\debug\profile.obj
e:\fcis\projects\fb-managment-system - copy\fb managment sytem\debug\messenger.obj
e:\fcis\projects\fb-managment-system - copy\fb managment sytem\debug\mainapp.obj
e:\fcis\projects\fb-managment-system - copy\fb managment sytem\debug\login.obj
e:\fcis\projects\fb-managment-system - copy\fb managment sytem\debug\vc110.pdb
䕞尺䍆卉停潲敪瑣屳䉆䴭湡条敭瑮匭獹整屭䉆䴠湡条敭瑮匠瑹浥䙜⁂慍慮浧湥⁴祓整⹭捶灸潲൪䔊尺䍆卉停潲敪瑣屳䉆䴭湡条敭瑮匭獹整屭䉆䴠湡条敭瑮匠瑹浥䑜扥杵䙜䵂湡条敭瑮祓整⹭潌楧⹮敲潳牵散൳䔊尺䍆卉停潲敪瑣屳䉆䴭湡条敭瑮匭獹整屭䉆䴠湡条敭瑮匠瑹浥䑜扥杵䙜䵂湡条敭瑮祓整⹭慍湩灡⹰敲潳牵散൳䔊尺䍆卉停潲敪瑣屳䉆䴭湡条敭瑮匭獹整屭䉆䴠湡条敭瑮匠瑹浥䑜扥杵䙜䵂湡条敭瑮祓整⹭敓牡档爮獥畯捲獥਍㩅䙜䥃屓牐橯捥獴䙜ⵂ慍慮浧湥⵴祓瑳浥䙜⁂慍慮浧湥⁴祓整屭敄畢屧䉆慍慮浧湥却瑹浥匮杩畮⹰敲潳牵散൳帊㩅䙜䥃屓牐橯捥獴䙜ⵂ慍慮浧湥⵴祓瑳浥䙜⁂慍慮浧湥⁴祓整屭䉆䴠湡条敭瑮匠瑹浥瘮硣牰橯਍㩅䙜䥃屓牐橯捥獴䙜ⵂ慍慮浧湥⵴祓瑳浥䙜⁂慍慮浧湥⁴祓整屭敄畢屧䉆慍慮浧湥却瑹浥䰮杯湩爮獥畯捲獥਍㩅䙜䥃屓牐橯捥獴䙜ⵂ慍慮浧湥⵴祓瑳浥䙜⁂慍慮浧湥⁴祓整屭敄畢屧䉆慍慮浧湥却瑹浥䴮楡慮灰爮獥畯捲獥਍㩅䙜䥃屓牐橯捥獴䙜ⵂ慍慮浧湥⵴祓瑳浥䙜⁂慍慮浧湥⁴祓整屭敄畢屧䉆慍慮浧湥却瑹浥匮慥捲⹨敲潳牵散൳䔊尺䍆卉停潲敪瑣屳䉆䴭湡条敭瑮匭獹整屭䉆䴠湡条敭瑮匠瑹浥䑜扥杵䙜䵂湡条敭瑮祓整⹭楓湧灵爮獥畯捲獥਍䕞尺䍆卉停潲敪瑣屳䉆䴭湡条敭瑮匭獹整屭䉆䴠湡条敭瑮匠瑹浥䙜⁂慍慮浧湥⁴祓整⹭捶灸潲൪䔊尺䍆卉停潲敪瑣屳䉆䴭湡条敭瑮匭獹整屭敄畢屧畂楮畦啟彉ㅶ㔮㌮搮汬਍䕞尺䍆卉停潲敪瑣屳䉆䴭湡条敭瑮匭獹整屭䉆䴠湡条敭瑮匠瑹浥䙜⁂慍慮浧湥⁴祓整⹭捶灸潲൪䔊尺䍆卉停潲敪瑣屳䉆䴭湡条敭瑮匭獹整屭䉆䴠湡条敭瑮匠瑹浥䑜扥杵䙜䵂湡条敭瑮祓整⹭潌楧⹮敲潳牵散൳䔊尺䍆卉停潲敪瑣屳䉆䴭湡条敭瑮匭獹整屭䉆䴠湡条敭瑮匠瑹浥䑜扥杵䙜䵂湡条敭瑮祓整⹭慍湩灡⹰敲潳牵散൳䔊尺䍆卉停潲敪瑣屳䉆䴭湡条敭瑮匭獹整屭䉆䴠湡条敭瑮匠瑹浥䑜扥杵䙜䵂湡条敭瑮祓整⹭敓牡档爮獥畯捲獥਍㩅䙜䥃屓牐橯捥獴䙜ⵂ慍慮浧湥⵴祓瑳浥䙜⁂慍慮浧湥⁴祓整屭敄畢屧䉆慍慮浧湥却瑹浥匮杩畮⹰敲潳牵散൳帊㩅䙜䥃屓牐橯捥獴䙜ⵂ慍慮浧湥⵴祓瑳浥䙜⁂慍慮浧湥⁴祓整屭䉆䴠湡条敭瑮匠瑹浥瘮硣牰橯਍㩅䙜䥃屓牐橯捥獴䙜ⵂ慍慮浧湥⵴祓瑳浥䑜扥杵䉜湵晩彵䥕癟⸱⸵⸳汤൬帊㩅䙜䥃屓牐橯捥獴䙜ⵂ慍慮浧湥⵴祓瑳浥䙜⁂慍慮浧湥⁴祓整屭䉆䴠湡条敭瑮匠瑹浥瘮硣牰橯਍㩅䙜䥃屓牐橯捥獴䙜ⵂ慍慮浧湥⵴祓瑳浥䙜⁂慍慮浧湥⁴祓整屭敄畢屧䉆慍慮浧湥却瑹浥䰮杯湩爮獥畯捲獥਍㩅䙜䥃屓牐橯捥獴䙜ⵂ慍慮浧湥⵴祓瑳浥䙜⁂慍慮浧湥⁴祓整屭敄畢屧䉆慍慮浧湥却瑹浥䴮楡慮灰爮獥畯捲獥਍㩅䙜䥃屓牐橯捥獴䙜ⵂ慍慮浧湥⵴祓瑳浥䙜⁂慍慮浧湥⁴祓整屭敄畢屧䉆慍慮浧湥却瑹浥匮慥捲⹨敲潳牵散൳䔊尺䍆卉停潲敪瑣屳䉆䴭湡条敭瑮匭獹整屭䉆䴠湡条敭瑮匠瑹浥䑜扥杵䙜䵂湡条敭瑮祓整⹭楓湧灵爮獥畯捲獥਍䕞尺䍆卉停潲敪瑣屳䉆䴭湡条敭瑮匭獹整屭䉆䴠湡条敭瑮匠瑹浥䙜⁂慍慮浧湥⁴祓整⹭捶灸潲൪䔊尺䍆卉停潲敪瑣屳䉆䴭湡条敭瑮匭獹整屭敄畢屧畂楮畦啟彉ㅶ㔮㌮搮汬਍䕞尺䍆卉停潲敪瑣屳䉆䴭湡条敭瑮匭獹整屭䉆䴠湡条敭瑮匠瑹浥䙜⁂慍慮浧湥⁴祓整⹭捶灸潲൪䔊尺䍆卉停潲敪瑣屳䉆䴭湡条敭瑮匭獹整屭䉆䴠湡条敭瑮匠瑹浥䑜扥杵䙜䵂湡条敭瑮祓整⹭潌楧⹮敲潳牵散൳䔊尺䍆卉停潲敪瑣屳䉆䴭湡条敭瑮匭獹整屭䉆䴠湡条敭瑮匠瑹浥䑜扥杵䙜䵂湡条敭瑮祓整⹭慍湩灡⹰敲潳牵散൳䔊尺䍆卉停潲敪瑣屳䉆䴭湡条敭瑮匭獹整屭䉆䴠湡条敭瑮匠瑹浥䑜扥杵䙜䵂湡条敭瑮祓整⹭敓牡档爮獥畯捲獥਍㩅䙜䥃屓牐橯捥獴䙜ⵂ慍慮浧湥⵴祓瑳浥䙜⁂慍慮浧湥⁴祓整屭敄畢屧䉆慍慮浧湥却瑹浥匮杩畮⹰敲潳牵散൳帊㩅䙜䥃屓牐橯捥獴䙜ⵂ慍慮浧湥⵴祓瑳浥䙜⁂慍慮浧湥⁴祓整屭䉆䴠湡条敭瑮匠瑹浥瘮硣牰橯਍㩅䙜䥃屓牐橯捥獴䙜ⵂ慍慮浧湥⵴祓瑳浥䙜⁂慍慮浧湥⁴祓整屭敄畢屧䉆慍慮浧湥却瑹浥䰮杯湩爮獥畯捲獥਍㩅䙜䥃屓牐橯捥獴䙜ⵂ慍慮浧湥⵴祓瑳浥䙜⁂慍慮浧湥⁴祓整屭敄畢屧䉆慍慮浧湥却瑹浥䴮楡慮灰爮獥畯捲獥਍㩅䙜䥃屓牐橯捥獴䙜ⵂ慍慮浧湥⵴祓瑳浥䙜⁂慍慮浧湥⁴祓整屭敄畢屧䉆慍慮浧湥却瑹浥匮慥捲⹨敲潳牵散൳䔊尺䍆卉停潲敪瑣屳䉆䴭湡条敭瑮匭獹整屭䉆䴠湡条敭瑮匠瑹浥䑜扥杵䙜䵂湡条敭瑮祓整⹭楓湧灵爮獥畯捲獥਍䕞尺䍆卉停潲敪瑣屳䉆䴭湡条敭瑮匭獹整屭䉆䴠湡条敭瑮匠瑹浥䙜⁂慍慮浧湥⁴祓整⹭捶灸潲൪䔊尺䍆卉停潲敪瑣屳䉆䴭湡条敭瑮匭獹整屭䉆䴠湡条敭瑮匠瑹浥䑜扥杵䙜䵂湡条敭瑮祓整⹭潌楧⹮敲潳牵散൳䔊尺䍆卉停潲敪瑣屳䉆䴭湡条敭瑮匭獹整屭䉆䴠湡条敭瑮匠瑹浥䑜扥杵䙜䵂湡条敭瑮祓整⹭慍湩灡⹰敲潳牵散൳䔊尺䍆卉停潲敪瑣屳䉆䴭湡条敭瑮匭獹整屭䉆䴠湡条敭瑮匠瑹浥䑜扥杵䙜䵂湡条敭瑮祓整⹭敓牡档爮獥畯捲獥਍㩅䙜䥃屓牐橯捥獴䙜ⵂ慍慮浧湥⵴祓瑳浥䙜⁂慍慮浧湥⁴祓整屭敄畢屧䉆慍慮浧湥却瑹浥匮杩畮⹰敲潳牵散൳帊㩅䙜䥃屓牐橯捥獴䙜ⵂ慍慮浧湥⵴祓瑳浥䙜⁂慍慮浧湥⁴祓整屭䉆䴠湡条敭瑮匠瑹浥瘮硣牰橯਍㩅䙜䥃屓牐橯捥獴䙜ⵂ慍慮浧湥⵴祓瑳浥䑜扥杵䉜湵晩彵䥕癟⸱⸵⸳汤൬帊㩅䙜䥃屓牐橯捥獴䙜ⵂ慍慮浧湥⵴祓瑳浥䙜⁂慍慮浧湥⁴祓整屭䉆䴠湡条敭瑮匠瑹浥瘮硣牰橯਍㩅䙜䥃屓牐橯捥獴䙜ⵂ慍慮浧湥⵴祓瑳浥䙜⁂慍慮浧湥⁴祓整屭敄畢屧䉆慍慮浧湥却瑹浥䰮杯湩爮獥畯捲獥਍㩅䙜䥃屓牐橯捥獴䙜ⵂ慍慮浧湥⵴祓瑳浥䙜⁂慍慮浧湥⁴祓整屭敄畢屧䉆慍慮浧湥却瑹浥䴮楡慮灰爮獥畯捲獥਍㩅䙜䥃屓牐橯捥獴䙜ⵂ慍慮浧湥⵴祓瑳浥䙜⁂慍慮浧湥⁴祓整屭敄畢屧䉆慍慮浧湥却瑹浥匮慥捲⹨敲潳牵散൳䔊尺䍆卉停潲敪瑣屳䉆䴭湡条敭瑮匭獹整屭䉆䴠湡条敭瑮匠瑹浥䑜扥杵䙜䵂湡条敭瑮祓整⹭楓湧灵爮獥畯捲獥਍䕞尺䍆卉停潲敪瑣屳䉆䴭湡条敭瑮匭獹整屭䉆䴠湡条敭瑮匠瑹浥䙜⁂慍慮浧湥⁴祓整⹭捶灸潲൪䔊尺䍆卉停潲敪瑣屳䉆䴭湡条敭瑮匭獹整屭䉆䴠湡条敭瑮匠瑹浥䑜扥杵䙜䵂湡条敭瑮祓整⹭潌楧⹮敲潳牵散൳䔊尺䍆卉停潲敪瑣屳䉆䴭湡条敭瑮匭獹整屭䉆䴠湡条敭瑮匠瑹浥䑜扥杵䙜䵂湡条敭瑮祓整⹭慍湩灡⹰敲潳牵散൳䔊尺䍆卉停潲敪瑣屳䉆䴭湡条敭瑮匭獹整屭䉆䴠湡条敭瑮匠瑹浥䑜扥杵䙜䵂湡条敭瑮祓整⹭敓牡档爮獥畯捲獥਍㩅䙜䥃屓牐橯捥獴䙜ⵂ慍慮浧湥⵴祓瑳浥䙜⁂慍慮浧湥⁴祓整屭敄畢屧䉆慍慮浧湥却瑹浥匮杩畮⹰敲潳牵散൳帊㩅䙜䥃屓牐橯捥獴䙜ⵂ慍慮浧湥⵴祓瑳浥䙜⁂慍慮浧湥⁴祓整屭䉆䴠湡条敭瑮匠瑹浥瘮硣牰橯਍㩅䙜䥃屓牐橯捥獴䙜ⵂ慍慮浧湥⵴祓瑳浥䑜扥杵䉜湵晩彵䥕癟⸱⸵⸳汤൬帊㩅䙜䥃屓牐橯捥獴䙜ⵂ慍慮浧湥⵴祓瑳浥䙜⁂慍慮浧湥⁴祓整屭䉆䴠湡条敭瑮匠瑹浥瘮硣牰橯਍㩅䙜䥃屓牐橯捥獴䙜ⵂ慍慮浧湥⵴祓瑳浥䙜⁂慍慮浧湥⁴祓整屭敄畢屧䉆慍慮浧湥却瑹浥䰮杯湩爮獥畯捲獥਍㩅䙜䥃屓牐橯捥獴䙜ⵂ慍慮浧湥⵴祓瑳浥䙜⁂慍慮浧湥⁴祓整屭敄畢屧䉆慍慮浧湥却瑹浥䴮楡慮灰爮獥畯捲獥਍㩅䙜䥃屓牐橯捥獴䙜ⵂ慍慮浧湥⵴祓瑳浥䙜⁂慍慮浧湥⁴祓整屭敄畢屧䉆慍慮浧湥却瑹浥匮慥捲⹨敲潳牵散൳䔊尺䍆卉停潲敪瑣屳䉆䴭湡条敭瑮匭獹整屭䉆䴠湡条敭瑮匠瑹浥䑜扥杵䙜䵂湡条敭瑮祓整⹭楓湧灵爮獥畯捲獥਍䕞尺䍆卉停潲敪瑣屳䉆䴭湡条敭瑮匭獹整屭䉆䴠湡条敭瑮匠瑹浥䙜⁂慍慮浧湥⁴祓整⹭捶灸潲൪䔊尺䍆卉停潲敪瑣屳䉆䴭湡条敭瑮匭獹整屭䉆䴠湡条敭瑮匠瑹浥䑜扥杵䙜䵂湡条敭瑮祓整⹭潌楧⹮敲潳牵散൳䔊尺䍆卉停潲敪瑣屳䉆䴭湡条敭瑮匭獹整屭䉆䴠湡条敭瑮匠瑹浥䑜扥杵䙜䵂湡条敭瑮祓整⹭慍湩灡⹰敲潳牵散൳䔊尺䍆卉停潲敪瑣屳䉆䴭湡条敭瑮匭獹整屭䉆䴠湡条敭瑮匠瑹浥䑜扥杵䙜䵂湡条敭瑮祓整⹭敓牡档爮獥畯捲獥਍㩅䙜䥃屓牐橯捥獴䙜ⵂ慍慮浧湥⵴祓瑳浥䙜⁂慍慮浧湥⁴祓整屭敄畢屧䉆慍慮浧湥却瑹浥匮杩畮⹰敲潳牵散൳帊㩅䙜䥃屓牐橯捥獴䙜ⵂ慍慮浧湥⵴祓瑳浥䙜⁂慍慮浧湥⁴祓整屭䉆䴠湡条敭瑮匠瑹浥瘮硣牰橯਍㩅䙜䥃屓牐橯捥獴䙜ⵂ慍慮浧湥⵴祓瑳浥䑜扥杵䉜湵晩彵䥕癟⸱⸵⸳汤൬帊㩅䙜䥃屓牐橯捥獴䙜ⵂ慍慮浧湥⵴祓瑳浥䙜⁂慍慮浧湥⁴祓整屭䉆䴠湡条敭瑮匠瑹浥瘮硣牰橯਍㩅䙜䥃屓牐橯捥獴䙜ⵂ慍慮浧湥⵴祓瑳浥䙜⁂慍慮浧湥⁴祓整屭敄畢屧䉆慍慮浧湥却瑹浥䰮杯湩爮獥畯捲獥਍㩅䙜䥃屓牐橯捥獴䙜ⵂ慍慮浧湥⵴祓瑳浥䙜⁂慍慮浧湥⁴祓整屭敄畢屧䉆慍慮浧湥却瑹浥䴮楡慮灰爮獥畯捲獥਍㩅䙜䥃屓牐橯捥獴䙜ⵂ慍慮浧湥⵴祓瑳浥䙜⁂慍慮浧湥⁴祓整屭敄畢屧䉆慍慮浧湥却瑹浥匮慥捲⹨敲潳牵散൳䔊尺䍆卉停潲敪瑣屳䉆䴭湡条敭瑮匭獹整屭䉆䴠湡条敭瑮匠瑹浥䑜扥杵䙜䵂湡条敭瑮祓整⹭楓湧灵爮獥畯捲獥਍䕞尺䍆卉停潲敪瑣屳䉆䴭湡条敭瑮匭獹整屭䉆䴠湡条敭瑮匠瑹浥䙜⁂慍慮浧湥⁴祓整⹭捶灸潲൪䔊尺䍆卉停潲敪瑣屳䉆䴭湡条敭瑮匭獹整屭䉆䴠湡条敭瑮匠瑹浥䑜扥杵䙜䵂湡条敭瑮祓整⹭潌楧⹮敲潳牵散൳䔊尺䍆卉停潲敪瑣屳䉆䴭湡条敭瑮匭獹整屭䉆䴠湡条敭瑮匠瑹浥䑜扥杵䙜䵂湡条敭瑮祓整⹭慍湩灡⹰敲潳牵散൳䔊尺䍆卉停潲敪瑣屳䉆䴭湡条敭瑮匭獹整屭䉆䴠湡条敭瑮匠瑹浥䑜扥杵䙜䵂湡条敭瑮祓整⹭敓牡档爮獥畯捲獥਍㩅䙜䥃屓牐橯捥獴䙜ⵂ慍慮浧湥⵴祓瑳浥䙜⁂慍慮浧湥⁴祓整屭敄畢屧䉆慍慮浧湥却瑹浥匮杩畮⹰敲潳牵散൳帊㩅䙜䥃屓牐橯捥獴䙜ⵂ慍慮浧湥⵴祓瑳浥䙜⁂慍慮浧湥⁴祓整屭䉆䴠湡条敭瑮匠瑹浥瘮硣牰橯਍㩅䙜䥃屓牐橯捥獴䙜ⵂ慍慮浧湥⵴祓瑳浥䑜扥杵䉜湵晩彵䥕癟⸱⸵⸳汤൬帊㩅䙜䥃屓牐橯捥獴䙜ⵂ慍慮浧湥⵴祓瑳浥䙜⁂慍慮浧湥⁴祓整屭䉆䴠湡条敭瑮匠瑹浥瘮硣牰橯਍㩅䙜䥃屓牐橯捥獴䙜ⵂ慍慮浧湥⵴祓瑳浥䙜⁂慍慮浧湥⁴祓整屭敄畢屧䉆慍慮浧湥却瑹浥䰮杯湩爮獥畯捲獥਍㩅䙜䥃屓牐橯捥獴䙜ⵂ慍慮浧湥⵴祓瑳浥䙜⁂慍慮浧湥⁴祓整屭敄畢屧䉆慍慮浧湥却瑹浥䴮楡慮灰爮獥畯捲獥਍㩅䙜䥃屓牐橯捥獴䙜ⵂ慍慮浧湥⵴祓瑳浥䙜⁂慍慮浧湥⁴祓整屭敄畢屧䉆慍慮浧湥却瑹浥倮潲楦敬爮獥畯捲獥਍㩅䙜䥃屓牐橯捥獴䙜ⵂ慍慮浧湥⵴祓瑳浥䙜⁂慍慮浧湥⁴祓整屭敄畢屧䉆慍慮浧湥却瑹浥匮慥捲⹨敲潳牵散൳䔊尺䍆卉停潲敪瑣屳䉆䴭湡条敭瑮匭獹整屭䉆䴠湡条敭瑮匠瑹浥䑜扥杵䙜䵂湡条敭瑮祓整⹭楓湧灵爮獥畯捲獥਍䕞尺䍆卉停潲敪瑣屳䉆䴭湡条敭瑮匭獹整屭䉆䴠湡条敭瑮匠瑹浥䙜⁂慍慮浧湥⁴祓整⹭捶灸潲൪䔊尺䍆卉停潲敪瑣屳䉆䴭湡条敭瑮匭獹整屭䉆䴠湡条敭瑮匠瑹浥䑜扥杵䙜䵂湡条敭瑮祓整⹭潌楧⹮敲潳牵散൳䔊尺䍆卉停潲敪瑣屳䉆䴭湡条敭瑮匭獹整屭䉆䴠湡条敭瑮匠瑹浥䑜扥杵䙜䵂湡条敭瑮祓整⹭慍湩灡⹰敲潳牵散൳䔊尺䍆卉停潲敪瑣屳䉆䴭湡条敭瑮匭獹整屭䉆䴠湡条敭瑮匠瑹浥䑜扥杵䙜䵂湡条敭瑮祓整⹭牐景汩⹥敲潳牵散൳䔊尺䍆卉停潲敪瑣屳䉆䴭湡条敭瑮匭獹整屭䉆䴠湡条敭瑮匠瑹浥䑜扥杵䙜䵂湡条敭瑮祓整⹭敓牡档爮獥畯捲獥਍㩅䙜䥃屓牐橯捥獴䙜ⵂ慍慮浧湥⵴祓瑳浥䙜⁂慍慮浧湥⁴祓整屭敄畢屧䉆慍慮浧湥却瑹浥匮杩畮⹰敲潳牵散൳帊㩅䙜䥃屓牐橯捥獴䙜ⵂ慍慮浧湥⵴祓瑳浥䙜⁂慍慮浧湥⁴祓整屭䉆䴠湡条敭瑮匠瑹浥瘮硣牰橯਍㩅䙜䥃屓牐橯捥獴䙜ⵂ慍慮浧湥⵴祓瑳浥䙜⁂慍慮浧湥⁴祓整屭敄畢屧䉆慍慮浧湥却瑹浥䰮杯湩爮獥畯捲獥਍㩅䙜䥃屓牐橯捥獴䙜ⵂ慍慮浧湥⵴祓瑳浥䙜⁂慍慮浧湥⁴祓整屭敄畢屧䉆慍慮浧湥却瑹浥䴮楡慮灰爮獥畯捲獥਍㩅䙜䥃屓牐橯捥獴䙜ⵂ慍慮浧湥⵴祓瑳浥䙜⁂慍慮浧湥⁴祓整屭敄畢屧䉆慍慮浧湥却瑹浥倮潲楦敬爮獥畯捲獥਍㩅䙜䥃屓牐橯捥獴䙜ⵂ慍慮浧湥⵴祓瑳浥䙜⁂慍慮浧湥⁴祓整屭敄畢屧䉆慍慮浧湥却瑹浥匮慥捲⹨敲潳牵散൳䔊尺䍆卉停潲敪瑣屳䉆䴭湡条敭瑮匭獹整屭䉆䴠湡条敭瑮匠瑹浥䑜扥杵䙜䵂湡条敭瑮祓整⹭楓湧灵爮獥畯捲獥਍䕞尺䍆卉停潲敪瑣屳䉆䴭湡条敭瑮匭獹整屭䉆䴠湡条敭瑮匠瑹浥䙜⁂慍慮浧湥⁴祓整⹭捶灸潲൪䔊尺䍆卉停潲敪瑣屳䉆䴭湡条敭瑮匭獹整屭䉆䴠湡条敭瑮匠瑹浥䑜扥杵䙜䵂湡条敭瑮祓整⹭潌楧⹮敲潳牵散൳䔊尺䍆卉停潲敪瑣屳䉆䴭湡条敭瑮匭獹整屭䉆䴠湡条敭瑮匠瑹浥䑜扥杵䙜䵂湡条敭瑮祓整⹭慍湩灡⹰敲潳牵散൳䔊尺䍆卉停潲敪瑣屳䉆䴭湡条敭瑮匭獹整屭䉆䴠湡条敭瑮匠瑹浥䑜扥杵䙜䵂湡条敭瑮祓整⹭敍獳湥敧⹲敲潳牵散൳䔊尺䍆卉停潲敪瑣屳䉆䴭湡条敭瑮匭獹整屭䉆䴠湡条敭瑮匠瑹浥䑜扥杵䙜䵂湡条敭瑮祓整⹭牐景汩⹥敲潳牵散൳䔊尺䍆卉停潲敪瑣屳䉆䴭湡条敭瑮匭獹整屭䉆䴠湡条敭瑮匠瑹浥䑜扥杵䙜䵂湡条敭瑮祓整⹭敓牡档爮獥畯捲獥਍㩅䙜䥃屓牐橯捥獴䙜ⵂ慍慮浧湥⵴祓瑳浥䙜⁂慍慮浧湥⁴祓整屭敄畢屧䉆慍慮浧湥却瑹浥匮杩畮⹰敲潳牵散൳帊㩅䙜䥃屓牐橯捥獴䙜ⵂ慍慮浧湥⵴祓瑳浥䙜⁂慍慮浧湥⁴祓整屭䉆䴠湡条敭瑮匠瑹浥瘮硣牰橯਍㩅䙜䥃屓牐橯捥獴䙜ⵂ慍慮浧湥⵴祓瑳浥䑜扥杵䉜湵晩彵䥕癟⸱⸵⸳汤൬帊㩅䙜䥃屓牐橯捥獴䙜ⵂ慍慮浧湥⵴祓瑳浥䙜⁂慍慮浧湥⁴祓整屭䉆䴠湡条敭瑮匠瑹浥瘮硣牰橯਍㩅䙜䥃屓牐橯捥獴䙜ⵂ慍慮浧湥⵴祓瑳浥䙜⁂慍慮浧湥⁴祓整屭敄畢屧䉆慍慮浧湥却瑹浥䰮杯湩爮獥畯捲獥਍㩅䙜䥃屓牐橯捥獴䙜ⵂ慍慮浧湥⵴祓瑳浥䙜⁂慍慮浧湥⁴祓整屭敄畢屧䉆慍慮浧湥却瑹浥䴮楡慮灰爮獥畯捲獥਍㩅䙜䥃屓牐橯捥獴䙜ⵂ慍慮浧湥⵴祓瑳浥䙜⁂慍慮浧湥⁴祓整屭敄畢屧䉆慍慮浧湥却瑹浥䴮獥敳杮牥爮獥畯捲獥਍㩅䙜䥃屓牐橯捥獴䙜ⵂ慍慮浧湥⵴祓瑳浥䙜⁂慍慮浧湥⁴祓整屭敄畢屧䉆慍慮浧湥却瑹浥倮潲楦敬爮獥畯捲獥਍㩅䙜䥃屓牐橯捥獴䙜ⵂ慍慮浧湥⵴祓瑳浥䙜⁂慍慮浧湥⁴祓整屭敄畢屧䉆慍慮浧湥却瑹浥匮慥捲⹨敲潳牵散൳䔊尺䍆卉停潲敪瑣屳䉆䴭湡条敭瑮匭獹整屭䉆䴠湡条敭瑮匠瑹浥䑜扥杵䙜䵂湡条敭瑮祓整⹭楓湧灵爮獥畯捲獥਍䕞尺䍆卉停潲敪瑣屳䉆䴭湡条敭瑮匭獹整屭䉆䴠湡条敭瑮匠瑹浥䙜⁂慍慮浧湥⁴祓整⹭捶灸潲൪䔊尺䍆卉停潲敪瑣屳䉆䴭湡条敭瑮匭獹整屭䉆䴠湡条敭瑮匠瑹浥䑜扥杵䙜䵂湡条敭瑮祓整⹭潌楧⹮敲潳牵散൳䔊尺䍆卉停潲敪瑣屳䉆䴭湡条敭瑮匭獹整屭䉆䴠湡条敭瑮匠瑹浥䑜扥杵䙜䵂湡条敭瑮祓整⹭慍湩灡⹰敲潳牵散൳䔊尺䍆卉停潲敪瑣屳䉆䴭湡条敭瑮匭獹整屭䉆䴠湡条敭瑮匠瑹浥䑜扥杵䙜䵂湡条敭瑮祓整⹭敍獳湥敧⹲敲潳牵散൳䔊尺䍆卉停潲敪瑣屳䉆䴭湡条敭瑮匭獹整屭䉆䴠湡条敭瑮匠瑹浥䑜扥杵䙜䵂湡条敭瑮祓整⹭牐景汩⹥敲潳牵散൳䔊尺䍆卉停潲敪瑣屳䉆䴭湡条敭瑮匭獹整屭䉆䴠湡条敭瑮匠瑹浥䑜扥杵䙜䵂湡条敭瑮祓整⹭敓牡档爮獥畯捲獥਍㩅䙜䥃屓牐橯捥獴䙜ⵂ慍慮浧湥⵴祓瑳浥䙜⁂慍慮浧湥⁴祓整屭敄畢屧䉆慍慮浧湥却瑹浥匮杩畮⹰敲潳牵散൳帊㩅䙜䥃屓牐橯捥獴䙜ⵂ慍慮浧湥⵴祓瑳浥䙜⁂慍慮浧湥⁴祓整屭䉆䴠湡条敭瑮匠瑹浥瘮硣牰橯਍㩅䙜䥃屓牐橯捥獴䙜ⵂ慍慮浧湥⵴祓瑳浥䙜⁂慍慮浧湥⁴祓整屭敄畢屧䉆慍慮浧湥却瑹浥䰮杯湩爮獥畯捲獥਍㩅䙜䥃屓牐橯捥獴䙜ⵂ慍慮浧湥⵴祓瑳浥䙜⁂慍慮浧湥⁴祓整屭敄畢屧䉆慍慮浧湥却瑹浥䴮楡慮灰爮獥畯捲獥਍㩅䙜䥃屓牐橯捥獴䙜ⵂ慍慮浧湥⵴祓瑳浥䙜⁂慍慮浧湥⁴祓整屭敄畢屧䉆慍慮浧湥却瑹浥䴮獥敳杮牥爮獥畯捲獥਍㩅䙜䥃屓牐橯捥獴䙜ⵂ慍慮浧湥⵴祓瑳浥䙜⁂慍慮浧湥⁴祓整屭敄畢屧䉆慍慮浧湥却瑹浥倮潲楦敬爮獥畯捲獥਍㩅䙜䥃屓牐橯捥獴䙜ⵂ慍慮浧湥⵴祓瑳浥䙜⁂慍慮浧湥⁴祓整屭敄畢屧䉆慍慮浧湥却瑹浥匮慥捲⹨敲潳牵散൳䔊尺䍆卉停潲敪瑣屳䉆䴭湡条敭瑮匭獹整屭䉆䴠湡条敭瑮匠瑹浥䑜扥杵䙜䵂湡条敭瑮祓整⹭楓湧灵爮獥畯捲獥਍䕞尺䍆卉停潲敪瑣屳䉆䴭湡条敭瑮匭獹整屭䉆䴠湡条敭瑮匠瑹浥䙜⁂慍慮浧湥⁴祓整⹭捶灸潲൪䔊尺䍆卉停潲敪瑣屳䉆䴭湡条敭瑮匭獹整屭敄畢屧畂楮畦啟彉ㅶ㔮㌮搮汬਍䕞尺䍆卉停潲敪瑣屳䉆䴭湡条敭瑮匭獹整屭䉆䴠湡条敭瑮匠瑹浥䙜⁂慍慮浧湥⁴祓整⹭捶灸潲൪䔊尺䍆卉停潲敪瑣屳䉆䴭湡条敭瑮匭獹整屭䉆䴠湡条敭瑮匠瑹浥䑜扥杵䙜䵂湡条敭瑮祓整⹭潌楧⹮敲潳牵散൳䔊尺䍆卉停潲敪瑣屳䉆䴭湡条敭瑮匭獹整屭䉆䴠湡条敭瑮匠瑹浥䑜扥杵䙜䵂湡条敭瑮祓整⹭慍湩灡⹰敲潳牵散൳䔊尺䍆卉停潲敪瑣屳䉆䴭湡条敭瑮匭獹整屭䉆䴠湡条敭瑮匠瑹浥䑜扥杵䙜䵂湡条敭瑮祓整⹭敍獳湥敧⹲敲潳牵散൳䔊尺䍆卉停潲敪瑣屳䉆䴭湡条敭瑮匭獹整屭䉆䴠湡条敭瑮匠瑹浥䑜扥杵䙜䵂湡条敭瑮祓整⹭牐景汩⹥敲潳牵散൳䔊尺䍆卉停潲敪瑣屳䉆䴭湡条敭瑮匭獹整屭䉆䴠湡条敭瑮匠瑹浥䑜扥杵䙜䵂湡条敭瑮祓整⹭敓牡档爮獥畯捲獥਍㩅䙜䥃屓牐橯捥獴䙜ⵂ慍慮浧湥⵴祓瑳浥䙜⁂慍慮浧湥⁴祓整屭敄畢屧䉆慍慮浧湥却瑹浥匮杩畮⹰敲潳牵散൳帊㩅䙜䥃屓牐橯捥獴䙜ⵂ慍慮浧湥⵴祓瑳浥䙜⁂慍慮浧湥⁴祓整屭䉆䴠湡条敭瑮匠瑹浥瘮硣牰橯਍㩅䙜䥃屓牐橯捥獴䙜ⵂ慍慮浧湥⵴祓瑳浥䙜⁂慍慮浧湥⁴祓整屭敄畢屧䉆慍慮浧湥却瑹浥䰮杯湩爮獥畯捲獥਍㩅䙜䥃屓牐橯捥獴䙜ⵂ慍慮浧湥⵴祓瑳浥䙜⁂慍慮浧湥⁴祓整屭敄畢屧䉆慍慮浧湥却瑹浥䴮楡慮灰爮獥畯捲獥਍㩅䙜䥃屓牐橯捥獴䙜ⵂ慍慮浧湥⵴祓瑳浥䙜⁂慍慮浧湥⁴祓整屭敄畢屧䉆慍慮浧湥却瑹浥䴮獥敳杮牥爮獥畯捲獥਍㩅䙜䥃屓牐橯捥獴䙜ⵂ慍慮浧湥⵴祓瑳浥䙜⁂慍慮浧湥⁴祓整屭敄畢屧䉆慍慮浧湥却瑹浥倮潲楦敬爮獥畯捲獥਍㩅䙜䥃屓牐橯捥獴䙜ⵂ慍慮浧湥⵴祓瑳浥䙜⁂慍慮浧湥⁴祓整屭敄畢屧䉆慍慮浧湥却瑹浥匮慥捲⹨敲潳牵散൳䔊尺䍆卉停潲敪瑣屳䉆䴭湡条敭瑮匭獹整屭䉆䴠湡条敭瑮匠瑹浥䑜扥杵䙜䵂湡条敭瑮祓整⹭楓湧灵爮獥畯捲獥਍䕞尺䍆卉停潲敪瑣屳䉆䴭湡条敭瑮匭獹整屭䉆䴠湡条敭瑮匠瑹浥䙜⁂慍慮浧湥⁴祓整⹭捶灸潲൪䔊尺䍆卉停潲敪瑣屳䉆䴭湡条敭瑮匭獹整屭䉆䴠湡条敭瑮匠瑹浥䑜扥杵䙜䵂湡条敭瑮祓整⹭潌楧⹮敲潳牵散൳䔊尺䍆卉停潲敪瑣屳䉆䴭湡条敭瑮匭獹整屭䉆䴠湡条敭瑮匠瑹浥䑜扥杵䙜䵂湡条敭瑮祓整⹭慍湩灡⹰敲潳牵散൳䔊尺䍆卉停潲敪瑣屳䉆䴭湡条敭瑮匭獹整屭䉆䴠湡条敭瑮匠瑹浥䑜扥杵䙜䵂湡条敭瑮祓整⹭敍獳湥敧⹲敲潳牵散൳䔊尺䍆卉停潲敪瑣屳䉆䴭湡条敭瑮匭獹整屭䉆䴠湡条敭瑮匠瑹浥䑜扥杵䙜䵂湡条敭瑮祓整⹭牐景汩⹥敲潳牵散൳䔊尺䍆卉停潲敪瑣屳䉆䴭湡条敭瑮匭獹整屭䉆䴠湡条敭瑮匠瑹浥䑜扥杵䙜䵂湡条敭瑮祓整⹭敓牡档爮獥畯捲獥਍㩅䙜䥃屓牐橯捥獴䙜ⵂ慍慮浧湥⵴祓瑳浥䙜⁂慍慮浧湥⁴祓整屭敄畢屧䉆慍慮浧湥却瑹浥匮杩畮⹰敲潳牵散൳帊㩅䙜䥃屓牐橯捥獴䙜ⵂ慍慮浧湥⵴祓瑳浥䙜⁂慍慮浧湥⁴祓整屭䉆䴠湡条敭瑮匠瑹浥瘮硣牰橯਍㩅䙜䥃屓牐橯捥獴䙜ⵂ慍慮浧湥⵴祓瑳浥䙜⁂慍慮浧湥⁴祓整屭敄畢屧䉆慍慮浧湥却瑹浥䰮杯湩爮獥畯捲獥਍㩅䙜䥃屓牐橯捥獴䙜ⵂ慍慮浧湥⵴祓瑳浥䙜⁂慍慮浧湥⁴祓整屭敄畢屧䉆慍慮浧湥却瑹浥䴮楡慮灰爮獥畯捲獥਍㩅䙜䥃屓牐橯捥獴䙜ⵂ慍慮浧湥⵴祓瑳浥䙜⁂慍慮浧湥⁴祓整屭敄畢屧䉆慍慮浧湥却瑹浥䴮獥敳杮牥爮獥畯捲獥਍㩅䙜䥃屓牐橯捥獴䙜ⵂ慍慮浧湥⵴祓瑳浥䙜⁂慍慮浧湥⁴祓整屭敄畢屧䉆慍慮浧湥却瑹浥倮潲楦敬爮獥畯捲獥਍㩅䙜䥃屓牐橯捥獴䙜ⵂ慍慮浧湥⵴祓瑳浥䙜⁂慍慮浧湥⁴祓整屭敄畢屧䉆慍慮浧湥却瑹浥匮慥捲⹨敲潳牵散൳䔊尺䍆卉停潲敪瑣屳䉆䴭湡条敭瑮匭獹整屭䉆䴠湡条敭瑮匠瑹浥䑜扥杵䙜䵂湡条敭瑮祓整⹭楓湧灵爮獥畯捲獥਍䕞尺䍆卉停潲敪瑣屳䉆䴭湡条敭瑮匭獹整屭䉆䴠湡条敭瑮匠瑹浥䙜⁂慍慮浧湥⁴祓整⹭捶灸潲൪䔊尺䍆卉停潲敪瑣屳䉆䴭湡条敭瑮匭獹整屭䉆䴠湡条敭瑮匠瑹浥䑜扥杵䙜䵂湡条敭瑮祓整⹭潌楧⹮敲潳牵散൳䔊尺䍆卉停潲敪瑣屳䉆䴭湡条敭瑮匭獹整屭䉆䴠湡条敭瑮匠瑹浥䑜扥杵䙜䵂湡条敭瑮祓整⹭慍湩灡⹰敲潳牵散൳䔊尺䍆卉停潲敪瑣屳䉆䴭湡条敭瑮匭獹整屭䉆䴠湡条敭瑮匠瑹浥䑜扥杵䙜䵂湡条敭瑮祓整⹭敍獳湥敧⹲敲潳牵散൳䔊尺䍆卉停潲敪瑣屳䉆䴭湡条敭瑮匭獹整屭䉆䴠湡条敭瑮匠瑹浥䑜扥杵䙜䵂湡条敭瑮祓整⹭牐景汩⹥敲潳牵散൳䔊尺䍆卉停潲敪瑣屳䉆䴭湡条敭瑮匭獹整屭䉆䴠湡条敭瑮匠瑹浥䑜扥杵䙜䵂湡条敭瑮祓整⹭敓牡档爮獥畯捲獥਍㩅䙜䥃屓牐橯捥獴䙜ⵂ慍慮浧湥⵴祓瑳浥䙜⁂慍慮浧湥⁴祓整屭敄畢屧䉆慍慮浧湥却瑹浥匮杩畮⹰敲潳牵散൳帊㩅䙜䥃屓牐橯捥獴䙜ⵂ慍慮浧湥⵴祓瑳浥ⴠ䌠灯屹䉆䴠湡条敭瑮匠瑹浥䙜⁂慍慮浧湥⁴祓整⹭捶灸潲൪䔊尺䍆卉停潲敪瑣屳䉆䴭湡条敭瑮匭獹整⁭‭潃祰䑜扥杵䉜湵晩彵䥕癟⸱⸵⸳汤൬帊㩅䙜䥃屓牐橯捥獴䙜ⵂ慍慮浧湥⵴祓瑳浥ⴠ䌠灯屹䉆䴠湡条敭瑮匠瑹浥䙜⁂慍慮浧湥⁴祓整⹭捶灸潲൪䔊尺䍆卉停潲敪瑣屳䉆䴭湡条敭瑮匭獹整⁭‭潃祰䙜⁂慍慮浧湥⁴祓整屭敄畢屧䉆慍慮浧湥却瑹浥䰮杯湩爮獥畯捲獥਍㩅䙜䥃屓牐橯捥獴䙜ⵂ慍慮浧湥⵴祓瑳浥ⴠ䌠灯屹䉆䴠湡条敭瑮匠瑹浥䑜扥杵䙜䵂湡条敭瑮祓整⹭慍湩灡⹰敲潳牵散൳䔊尺䍆卉停潲敪瑣屳䉆䴭湡条敭瑮匭獹整⁭‭潃祰䙜⁂慍慮浧湥⁴祓整屭敄畢屧䉆慍慮浧湥却瑹浥䴮獥敳杮牥爮獥畯捲獥਍㩅䙜䥃屓牐橯捥獴䙜ⵂ慍慮浧湥⵴祓瑳浥ⴠ䌠灯屹䉆䴠湡条敭瑮匠瑹浥䑜扥杵䙜䵂湡条敭瑮祓整⹭牐景汩⹥敲潳牵散൳䔊尺䍆卉停潲敪瑣屳䉆䴭湡条敭瑮匭獹整⁭‭潃祰䙜⁂慍慮浧湥⁴祓整屭敄畢屧䉆慍慮浧湥却瑹浥匮慥捲⹨敲潳牵散൳䔊尺䍆卉停潲敪瑣屳䉆䴭湡条敭瑮匭獹整⁭‭潃祰䙜⁂慍慮浧湥⁴祓整屭敄畢屧䉆慍慮浧湥却瑹浥匮杩畮⹰敲潳牵散൳帊㩅䙜䥃屓牐橯捥獴䙜ⵂ慍慮浧湥⵴祓瑳浥ⴠ䌠灯屹䉆䴠湡条敭瑮匠瑹浥䙜⁂慍慮浧湥⁴祓整⹭捶灸潲൪䔊尺䍆卉停潲敪瑣屳䉆䴭湡条敭瑮匭獹整⁭‭潃祰䑜扥杵䉜湵晩彵䥕癟⸱⸵⸳汤൬帊㩅䙜䥃屓牐橯捥獴䙜ⵂ慍慮浧湥⵴祓瑳浥ⴠ䌠灯屹䉆䴠湡条敭瑮匠瑹浥䙜⁂慍慮浧湥⁴祓整⹭捶灸潲൪䔊尺䍆卉停潲敪瑣屳䉆䴭湡条敭瑮匭獹整⁭‭潃祰䙜⁂慍慮浧湥⁴祓整屭敄畢屧䉆慍慮浧湥却瑹浥䰮杯湩爮獥畯捲獥਍㩅䙜䥃屓牐橯捥獴䙜ⵂ慍慮浧湥⵴祓瑳浥ⴠ䌠灯屹䉆䴠湡条敭瑮匠瑹浥䑜扥杵䙜䵂湡条敭瑮祓整⹭慍湩灡⹰敲潳牵散൳䔊尺䍆卉停潲敪瑣屳䉆䴭湡条敭瑮匭獹整⁭‭潃祰䙜⁂慍慮浧湥⁴祓整屭敄畢屧䉆慍慮浧湥却瑹浥䴮獥敳杮牥爮獥畯捲獥਍㩅䙜䥃屓牐橯捥獴䙜ⵂ慍慮浧湥⵴祓瑳浥ⴠ䌠灯屹䉆䴠湡条敭瑮匠瑹浥䑜扥杵䙜䵂湡条敭瑮祓整⹭牐景汩⹥敲潳牵散൳䔊尺䍆卉停潲敪瑣屳䉆䴭湡条敭瑮匭獹整⁭‭潃祰䙜⁂慍慮浧湥⁴祓整屭敄畢屧䉆慍慮浧湥却瑹浥匮慥捲⹨敲潳牵散൳䔊尺䍆卉停潲敪瑣屳䉆䴭湡条敭瑮匭獹整⁭‭潃祰䙜⁂慍慮浧湥⁴祓整屭敄畢屧䉆慍慮浧湥却瑹浥匮杩畮⹰敲潳牵散൳
e:\fcis\projects\fb-managment-system\debug\fb managment sytem.ilk
e:\fcis\projects\fb-managment-system\debug\fb managment sytem.exe
e:\fcis\projects\fb-managment-system\debug\fb managment sytem.pdb
e:\fcis\projects\fb-managment-system - copy\debug\fb managment sytem.ilk
e:\fcis\projects\fb-managment-system - copy\debug\fb managment sytem.exe
e:\fcis\projects\fb-managment-system - copy\debug\fb managment sytem.pdb
e:\fcis\projects\fb-managment-system\fb managment sytem\debug\metagen.write.1.tlog
e:\fcis\projects\fb-managment-system - copy\fb managment sytem\debug\metagen.write.1.tlog
e:\hazem\fb-managment-system\fb managment sytem\debug\vc141.pdb
e:\hazem\fb-managment-system\fb managment sytem\debug\signup.obj
e:\hazem\fb-managment-system\fb managment sytem\debug\login.obj
e:\hazem\fb-managment-system\fb managment sytem\debug\mainapp.obj
e:\hazem\fb-managment-system\fb managment sytem\debug\fbmanagmentsytem.login.resources
e:\hazem\fb-managment-system\fb managment sytem\debug\fbmanagmentsytem.signup.resources
e:\hazem\fb-managment-system\fb managment sytem\debug\fbmanagmentsytem.mainapp.resources
e:\hazem\fb-managment-system\debug\fb managment sytem.exe
e:\hazem\fb-managment-system\debug\fb managment sytem.pdb
e:\hazem\fb-managment-system\fb managment sytem\debug\fb manag.97ade941.tlog\metagen.write.1.tlog
e:\fcis\projects\fb-managment-system\fb managment sytem\debug\fb managment sytem.vcxproj.generateresource.cache
e:\fcis\projects\fb-managment-system\fb managment sytem\debug\fb managment sytem.vcxprojresolveassemblyreference.cache
e:\fcis\projects\fb-managment-system\fb managment sytem\debug\fbmanagmentsytem.login.resources
e:\fcis\projects\fb-managment-system\fb managment sytem\debug\fbmanagmentsytem.mainapp.resources
e:\fcis\projects\fb-managment-system\fb managment sytem\debug\fbmanagmentsytem.messenger.resources
e:\fcis\projects\fb-managment-system\fb managment sytem\debug\fbmanagmentsytem.myform.resources
e:\fcis\projects\fb-managment-system\fb managment sytem\debug\fbmanagmentsytem.profile.resources
e:\fcis\projects\fb-managment-system\fb managment sytem\debug\fbmanagmentsytem.search.resources
e:\fcis\projects\fb-managment-system\fb managment sytem\debug\fbmanagmentsytem.signup.resources
e:\fcis\projects\fb-managment-system\fb managment sytem\debug\cl.command.1.tlog
e:\fcis\projects\fb-managment-system\fb managment sytem\debug\cl.read.1.tlog
e:\fcis\projects\fb-managment-system\fb managment sytem\debug\cl.write.1.tlog
e:\fcis\projects\fb-managment-system\fb managment sytem\debug\fb managment sytem.write.1.tlog
e:\fcis\projects\fb-managment-system\fb managment sytem\debug\link.10800-cvtres.read.1.tlog
e:\fcis\projects\fb-managment-system\fb managment sytem\debug\link.10800-cvtres.write.1.tlog
e:\fcis\projects\fb-managment-system\fb managment sytem\debug\link.10800-rc.read.1.tlog
e:\fcis\projects\fb-managment-system\fb managment sytem\debug\link.10800-rc.write.1.tlog
e:\fcis\projects\fb-managment-system\fb managment sytem\debug\link.10800.read.1.tlog
e:\fcis\projects\fb-managment-system\fb managment sytem\debug\link.10800.write.1.tlog
e:\fcis\projects\fb-managment-system\fb managment sytem\debug\link.11896-cvtres.read.1.tlog
e:\fcis\projects\fb-managment-system\fb managment sytem\debug\link.11896-cvtres.write.1.tlog
e:\fcis\projects\fb-managment-system\fb managment sytem\debug\link.11896-rc.read.1.tlog
e:\fcis\projects\fb-managment-system\fb managment sytem\debug\link.11896-rc.write.1.tlog
e:\fcis\projects\fb-managment-system\fb managment sytem\debug\link.11896.read.1.tlog
e:\fcis\projects\fb-managment-system\fb managment sytem\debug\link.11896.write.1.tlog
e:\fcis\projects\fb-managment-system\fb managment sytem\debug\link.12640-cvtres.read.1.tlog
e:\fcis\projects\fb-managment-system\fb managment sytem\debug\link.12640-cvtres.write.1.tlog
e:\fcis\projects\fb-managment-system\fb managment sytem\debug\link.12640-rc.read.1.tlog
e:\fcis\projects\fb-managment-system\fb managment sytem\debug\link.12640-rc.write.1.tlog
e:\fcis\projects\fb-managment-system\fb managment sytem\debug\link.12640.read.1.tlog
e:\fcis\projects\fb-managment-system\fb managment sytem\debug\link.12640.write.1.tlog
e:\fcis\projects\fb-managment-system\fb managment sytem\debug\link.12904-cvtres.read.1.tlog
e:\fcis\projects\fb-managment-system\fb managment sytem\debug\link.12904-cvtres.write.1.tlog
e:\fcis\projects\fb-managment-system\fb managment sytem\debug\link.12904-rc.read.1.tlog
e:\fcis\projects\fb-managment-system\fb managment sytem\debug\link.12904-rc.write.1.tlog
e:\fcis\projects\fb-managment-system\fb managment sytem\debug\link.12904.read.1.tlog
e:\fcis\projects\fb-managment-system\fb managment sytem\debug\link.12904.write.1.tlog
e:\fcis\projects\fb-managment-system\fb managment sytem\debug\link.13056-cvtres.read.1.tlog
e:\fcis\projects\fb-managment-system\fb managment sytem\debug\link.13056-cvtres.write.1.tlog
e:\fcis\projects\fb-managment-system\fb managment sytem\debug\link.13056-rc.read.1.tlog
e:\fcis\projects\fb-managment-system\fb managment sytem\debug\link.13056-rc.write.1.tlog
e:\fcis\projects\fb-managment-system\fb managment sytem\debug\link.13056.read.1.tlog
e:\fcis\projects\fb-managment-system\fb managment sytem\debug\link.13056.write.1.tlog
e:\fcis\projects\fb-managment-system\fb managment sytem\debug\link.13064-cvtres.read.1.tlog
e:\fcis\projects\fb-managment-system\fb managment sytem\debug\link.13064-cvtres.write.1.tlog
e:\fcis\projects\fb-managment-system\fb managment sytem\debug\link.13064-rc.read.1.tlog
e:\fcis\projects\fb-managment-system\fb managment sytem\debug\link.13064-rc.write.1.tlog
e:\fcis\projects\fb-managment-system\fb managment sytem\debug\link.13064.read.1.tlog
e:\fcis\projects\fb-managment-system\fb managment sytem\debug\link.13064.write.1.tlog
e:\fcis\projects\fb-managment-system\fb managment sytem\debug\link.13160-cvtres.read.1.tlog
e:\fcis\projects\fb-managment-system\fb managment sytem\debug\link.13160-cvtres.write.1.tlog
e:\fcis\projects\fb-managment-system\fb managment sytem\debug\link.13160-rc.read.1.tlog
e:\fcis\projects\fb-managment-system\fb managment sytem\debug\link.13160-rc.write.1.tlog
e:\fcis\projects\fb-managment-system\fb managment sytem\debug\link.13160.read.1.tlog
e:\fcis\projects\fb-managment-system\fb managment sytem\debug\link.13160.write.1.tlog
e:\fcis\projects\fb-managment-system\fb managment sytem\debug\link.13740-cvtres.read.1.tlog
e:\fcis\projects\fb-managment-system\fb managment sytem\debug\link.13740-cvtres.write.1.tlog
e:\fcis\projects\fb-managment-system\fb managment sytem\debug\link.13740-rc.read.1.tlog
e:\fcis\projects\fb-managment-system\fb managment sytem\debug\link.13740-rc.write.1.tlog
e:\fcis\projects\fb-managment-system\fb managment sytem\debug\link.13740.read.1.tlog
e:\fcis\projects\fb-managment-system\fb managment sytem\debug\link.13740.write.1.tlog
e:\fcis\projects\fb-managment-system\fb managment sytem\debug\link.14328-cvtres.read.1.tlog
e:\fcis\projects\fb-managment-system\fb managment sytem\debug\link.14328-cvtres.write.1.tlog
e:\fcis\projects\fb-managment-system\fb managment sytem\debug\link.14328-rc.read.1.tlog
e:\fcis\projects\fb-managment-system\fb managment sytem\debug\link.14328-rc.write.1.tlog
e:\fcis\projects\fb-managment-system\fb managment sytem\debug\link.14328.read.1.tlog
e:\fcis\projects\fb-managment-system\fb managment sytem\debug\link.14328.write.1.tlog
e:\fcis\projects\fb-managment-system\fb managment sytem\debug\link.1532-cvtres.read.1.tlog
e:\fcis\projects\fb-managment-system\fb managment sytem\debug\link.1532-cvtres.write.1.tlog
e:\fcis\projects\fb-managment-system\fb managment sytem\debug\link.1532-rc.read.1.tlog
e:\fcis\projects\fb-managment-system\fb managment sytem\debug\link.1532-rc.write.1.tlog
e:\fcis\projects\fb-managment-system\fb managment sytem\debug\link.1532.read.1.tlog
e:\fcis\projects\fb-managment-system\fb managment sytem\debug\link.1532.write.1.tlog
e:\fcis\projects\fb-managment-system\fb managment sytem\debug\link.15576-cvtres.read.1.tlog
e:\fcis\projects\fb-managment-system\fb managment sytem\debug\link.15576-cvtres.write.1.tlog
e:\fcis\projects\fb-managment-system\fb managment sytem\debug\link.15576-rc.read.1.tlog
e:\fcis\projects\fb-managment-system\fb managment sytem\debug\link.15576-rc.write.1.tlog
e:\fcis\projects\fb-managment-system\fb managment sytem\debug\link.15576.read.1.tlog
e:\fcis\projects\fb-managment-system\fb managment sytem\debug\link.15576.write.1.tlog
e:\fcis\projects\fb-managment-system\fb managment sytem\debug\link.15748-cvtres.read.1.tlog
e:\fcis\projects\fb-managment-system\fb managment sytem\debug\link.15748-cvtres.write.1.tlog
e:\fcis\projects\fb-managment-system\fb managment sytem\debug\link.15748-rc.read.1.tlog
e:\fcis\projects\fb-managment-system\fb managment sytem\debug\link.15748-rc.write.1.tlog
e:\fcis\projects\fb-managment-system\fb managment sytem\debug\link.15748.read.1.tlog
e:\fcis\projects\fb-managment-system\fb managment sytem\debug\link.15748.write.1.tlog
e:\fcis\projects\fb-managment-system\fb managment sytem\debug\link.16068-cvtres.read.1.tlog
e:\fcis\projects\fb-managment-system\fb managment sytem\debug\link.16068-cvtres.write.1.tlog
e:\fcis\projects\fb-managment-system\fb managment sytem\debug\link.16068-rc.read.1.tlog
e:\fcis\projects\fb-managment-system\fb managment sytem\debug\link.16068-rc.write.1.tlog
e:\fcis\projects\fb-managment-system\fb managment sytem\debug\link.16068.read.1.tlog
e:\fcis\projects\fb-managment-system\fb managment sytem\debug\link.16068.write.1.tlog
e:\fcis\projects\fb-managment-system\fb managment sytem\debug\link.2732-cvtres.read.1.tlog
e:\fcis\projects\fb-managment-system\fb managment sytem\debug\link.2732-cvtres.write.1.tlog
e:\fcis\projects\fb-managment-system\fb managment sytem\debug\link.2732-rc.read.1.tlog
e:\fcis\projects\fb-managment-system\fb managment sytem\debug\link.2732-rc.write.1.tlog
e:\fcis\projects\fb-managment-system\fb managment sytem\debug\link.2732.read.1.tlog
e:\fcis\projects\fb-managment-system\fb managment sytem\debug\link.2732.write.1.tlog
e:\fcis\projects\fb-managment-system\fb managment sytem\debug\link.4472-cvtres.read.1.tlog
e:\fcis\projects\fb-managment-system\fb managment sytem\debug\link.4472-cvtres.write.1.tlog
e:\fcis\projects\fb-managment-system\fb managment sytem\debug\link.4472-rc.read.1.tlog
e:\fcis\projects\fb-managment-system\fb managment sytem\debug\link.4472-rc.write.1.tlog
e:\fcis\projects\fb-managment-system\fb managment sytem\debug\link.4472.read.1.tlog
e:\fcis\projects\fb-managment-system\fb managment sytem\debug\link.4472.write.1.tlog
e:\fcis\projects\fb-managment-system\fb managment sytem\debug\link.4592-cvtres.read.1.tlog
e:\fcis\projects\fb-managment-system\fb managment sytem\debug\link.4592-cvtres.write.1.tlog
e:\fcis\projects\fb-managment-system\fb managment sytem\debug\link.4592-rc.read.1.tlog
e:\fcis\projects\fb-managment-system\fb managment sytem\debug\link.4592-rc.write.1.tlog
e:\fcis\projects\fb-managment-system\fb managment sytem\debug\link.4592.read.1.tlog
e:\fcis\projects\fb-managment-system\fb managment sytem\debug\link.4592.write.1.tlog
e:\fcis\projects\fb-managment-system\fb managment sytem\debug\link.4836-cvtres.read.1.tlog
e:\fcis\projects\fb-managment-system\fb managment sytem\debug\link.4836-cvtres.write.1.tlog
e:\fcis\projects\fb-managment-system\fb managment sytem\debug\link.4836-rc.read.1.tlog
e:\fcis\projects\fb-managment-system\fb managment sytem\debug\link.4836-rc.write.1.tlog
e:\fcis\projects\fb-managment-system\fb managment sytem\debug\link.4836.read.1.tlog
e:\fcis\projects\fb-managment-system\fb managment sytem\debug\link.4836.write.1.tlog
e:\fcis\projects\fb-managment-system\fb managment sytem\debug\link.6396-cvtres.read.1.tlog
e:\fcis\projects\fb-managment-system\fb managment sytem\debug\link.6396-cvtres.write.1.tlog
e:\fcis\projects\fb-managment-system\fb managment sytem\debug\link.6396-rc.read.1.tlog
e:\fcis\projects\fb-managment-system\fb managment sytem\debug\link.6396-rc.write.1.tlog
e:\fcis\projects\fb-managment-system\fb managment sytem\debug\link.6396.read.1.tlog
e:\fcis\projects\fb-managment-system\fb managment sytem\debug\link.6396.write.1.tlog
e:\fcis\projects\fb-managment-system\fb managment sytem\debug\link.6872-cvtres.read.1.tlog
e:\fcis\projects\fb-managment-system\fb managment sytem\debug\link.6872-cvtres.write.1.tlog
e:\fcis\projects\fb-managment-system\fb managment sytem\debug\link.6872-rc.read.1.tlog
e:\fcis\projects\fb-managment-system\fb managment sytem\debug\link.6872-rc.write.1.tlog
e:\fcis\projects\fb-managment-system\fb managment sytem\debug\link.6872.read.1.tlog
e:\fcis\projects\fb-managment-system\fb managment sytem\debug\link.6872.write.1.tlog
e:\fcis\projects\fb-managment-system\fb managment sytem\debug\link.7156-cvtres.read.1.tlog
e:\fcis\projects\fb-managment-system\fb managment sytem\debug\link.7156-cvtres.write.1.tlog
e:\fcis\projects\fb-managment-system\fb managment sytem\debug\link.7156-rc.read.1.tlog
e:\fcis\projects\fb-managment-system\fb managment sytem\debug\link.7156-rc.write.1.tlog
e:\fcis\projects\fb-managment-system\fb managment sytem\debug\link.7156.read.1.tlog
e:\fcis\projects\fb-managment-system\fb managment sytem\debug\link.7156.write.1.tlog
e:\fcis\projects\fb-managment-system\fb managment sytem\debug\link.9572-cvtres.read.1.tlog
e:\fcis\projects\fb-managment-system\fb managment sytem\debug\link.9572-cvtres.write.1.tlog
e:\fcis\projects\fb-managment-system\fb managment sytem\debug\link.9572-rc.read.1.tlog
e:\fcis\projects\fb-managment-system\fb managment sytem\debug\link.9572-rc.write.1.tlog
e:\fcis\projects\fb-managment-system\fb managment sytem\debug\link.9572.read.1.tlog
e:\fcis\projects\fb-managment-system\fb managment sytem\debug\link.9572.write.1.tlog
e:\fcis\projects\fb-managment-system\fb managment sytem\debug\link.9640-cvtres.read.1.tlog
e:\fcis\projects\fb-managment-system\fb managment sytem\debug\link.9640-cvtres.write.1.tlog
e:\fcis\projects\fb-managment-system\fb managment sytem\debug\link.9640-rc.read.1.tlog
e:\fcis\projects\fb-managment-system\fb managment sytem\debug\link.9640-rc.write.1.tlog
e:\fcis\projects\fb-managment-system\fb managment sytem\debug\link.9640.read.1.tlog
e:\fcis\projects\fb-managment-system\fb managment sytem\debug\link.9640.write.1.tlog
e:\fcis\projects\fb-managment-system\fb managment sytem\debug\link.9792-cvtres.read.1.tlog
e:\fcis\projects\fb-managment-system\fb managment sytem\debug\link.9792-cvtres.write.1.tlog
e:\fcis\projects\fb-managment-system\fb managment sytem\debug\link.9792-rc.read.1.tlog
e:\fcis\projects\fb-managment-system\fb managment sytem\debug\link.9792-rc.write.1.tlog
e:\fcis\projects\fb-managment-system\fb managment sytem\debug\link.9792.read.1.tlog
e:\fcis\projects\fb-managment-system\fb managment sytem\debug\link.9792.write.1.tlog
e:\fcis\projects\fb-managment-system\fb managment sytem\debug\link.command.1.tlog
e:\fcis\projects\fb-managment-system\fb managment sytem\debug\link.read.1.tlog
e:\fcis\projects\fb-managment-system\fb managment sytem\debug\link.write.1.tlog
e:\fcis\projects\fb-managment-system\fb managment sytem\debug\metagen.read.1.tlog
e:\fcis\projects\fb-managment-system\fb managment sytem\debug\vc141.pdb
e:\fcis\projects\fb-managment-system\fb managment sytem\debug\bunifu_ui_v1.5.3.dll.metagen
e:\fcis\projects\fb-managment-system\fb managment sytem\debug\tzres.dll.bi
e:\fcis\projects\fb-managment-system\fb managment sytem\debug\fb manag.97ade941.tlog\cl.command.1.tlog
e:\fcis\projects\fb-managment-system\fb managment sytem\debug\fb manag.97ade941.tlog\cl.read.1.tlog
e:\fcis\projects\fb-managment-system\fb managment sytem\debug\fb manag.97ade941.tlog\cl.write.1.tlog
e:\fcis\projects\fb-managment-system\fb managment sytem\debug\fb manag.97ade941.tlog\fb managment sytem.write.1u.tlog
e:\fcis\projects\fb-managment-system\fb managment sytem\debug\fb manag.97ade941.tlog\link.command.1.tlog
e:\fcis\projects\fb-managment-system\fb managment sytem\debug\fb manag.97ade941.tlog\link.read.1.tlog
e:\fcis\projects\fb-managment-system\fb managment sytem\debug\fb manag.97ade941.tlog\link.write.1.tlog
e:\fcis\projects\fb-managment-system\fb managment sytem\debug\fb manag.97ade941.tlog\metagen.read.1.tlog
e:\fcis\projects\fb-managment-system\fb managment sytem\debug\fb manag.97ade941.tlog\metagen.write.1.tlog
e:\fcis\projects\fb-managment-system\fb managment sytem\debug\fb manag.97ade941.tlog\bunifu_ui_v1.5.3.dll.metagen
e:\fcis\projects\fb-managment-system\fb managment sytem\debug\fb manag.97ade941.tlog\tzres.dll.bi
